the world is an illusion
perchance
superior combat skills
During handling of the above exception, another exception occurred
(all slopped up, at the trough:1.2)
the ancient one,
